<?xml version="1.0" encoding="UTF-8"?>
<!-- Generated by org.testng.reporters.JUnitReportReporter -->
<testsuite hostname="DESKTOP-QFEAF0U" failures="0" tests="3" name="mTS.stage.cms.test.DesignConfigsTest" time="111.525" errors="0" timestamp="2024-12-06T16:35:48 IST" skipped="0">
  <testcase classname="mTS.stage.cms.test.DesignConfigsTest" name="verifyCreatePageTest" time="16.877"/>
  <system-out/>
  <testcase classname="mTS.stage.cms.test.DesignConfigsTest" name="verifyAddComponentsTest" time="64.762"/>
  <system-out/>
  <testcase classname="mTS.stage.cms.test.DesignConfigsTest" name="verifyeditComponentsTest" time="29.886"/>
  <system-out/>
</testsuite> <!-- mTS.stage.cms.test.DesignConfigsTest -->
